TN:
SF:src/add.js
FN:1,add
FNF:1
FNH:1
FNDA:1,add
DA:1,1
DA:2,1
DA:3,1
DA:4,1
DA:5,1
LF:5
LH:5
BRDA:1,0,0,1
BRF:1
BRH:1
end_of_record
TN:
SF:src/calculator.js
FN:2,Calculator
FN:5,set
FN:8,clear
FN:11,add
FN:18,subtract
FN:21,multiply
FN:24,divide
FNF:7
FNH:7
FNDA:9,Calculator
FNDA:4,set
FNDA:1,clear
FNDA:2,add
FNDA:1,subtract
FNDA:1,multiply
FNDA:2,divide
DA:1,1
DA:2,1
DA:3,9
DA:4,9
DA:5,1
DA:6,4
DA:7,4
DA:8,1
DA:9,1
DA:10,1
DA:11,1
DA:12,2
DA:13,2
DA:14,1
DA:15,1
DA:16,1
DA:17,1
DA:18,1
DA:19,1
DA:20,1
DA:21,1
DA:22,1
DA:23,1
DA:24,1
DA:25,2
DA:26,2
DA:27,1
DA:28,1
DA:29,1
LF:29
LH:29
BRDA:2,0,0,9
BRDA:5,1,0,4
BRDA:8,2,0,1
BRDA:11,3,0,2
BRDA:13,4,0,1
BRDA:18,5,0,1
BRDA:21,6,0,1
BRDA:24,7,0,2
BRF:8
BRH:8
end_of_record
